# JRE version: OpenJDK Runtime Environment (21.0.3) (build 21.0.3+-12282718-b509.11)
# Java VM: OpenJDK 64-Bit Server VM (21.0.3+-12282718-b509.11, mixed mode, tiered, compressed oops, compressed class ptrs, g1 gc, windows-amd64)
GC Precious Log:
 CardTable entry size: 512
 Card Set container configuration: InlinePtr #cards 5 size 8 Array Of Cards #cards 12 size 40 Howl #buckets 4 coarsen threshold 1843 Howl Bitmap #cards 512 size 80 coarsen threshold 460 Card regions per heap region 1 cards per card region 2048
 CPUs: 4 total, 4 available
 Memory: 8072M
 Large Page Support: Disabled
 NUMA Support: Disabled
 Compressed Oops: Enabled (32-bit)
 Heap Region Size: 1M
 Heap Min Capacity: 8M
 Heap Initial Capacity: 128M
 Heap Max Capacity: 2G
 Pre-touch: Disabled
 Parallel Workers: 4
 Concurrent Workers: 1
 Concurrent Refinement Workers: 4
 Periodic GC: Disabled
Heap:
 garbage-first heap   total 437248K, used 278280K [0x0000000080000000, 0x0000000100000000)
  region size 1024K, 28 young (28672K), 4 survivors (4096K)
 Metaspace       used 242495K, committed 245376K, reserved 1310720K
  class space    used 31532K, committed 32960K, reserved 1048576K
GC Heap History (20 events):
Event: 718.030 GC heap before
{Heap before GC invocations=64 (full 0):
 garbage-first heap   total 331776K, used 303965K [0x0000000080000000, 0x0000000100000000)
  region size 1024K, 106 young (108544K), 11 survivors (11264K)
 Metaspace       used 188389K, committed 190848K, reserved 1245184K
  class space    used 25585K, committed 26816K, reserved 1048576K
}
Event: 718.139 GC heap after
{Heap after GC invocations=65 (full 0):
 garbage-first heap   total 331776K, used 212934K [0x0000000080000000, 0x0000000100000000)
  region size 1024K, 14 young (14336K), 14 survivors (14336K)
 Metaspace       used 188389K, committed 190848K, reserved 1245184K
  class space    used 25585K, committed 26816K, reserved 1048576K
}
Event: 729.445 GC heap before
{Heap before GC invocations=65 (full 0):
 garbage-first heap   total 331776K, used 299974K [0x0000000080000000, 0x0000000100000000)
  region size 1024K, 99 young (101376K), 14 survivors (14336K)
 Metaspace       used 199302K, committed 202112K, reserved 1245184K
  class space    used 26812K, committed 28224K, reserved 1048576K
}
Event: 729.536 GC heap after
{Heap after GC invocations=66 (full 0):
 garbage-first heap   total 331776K, used 204266K [0x0000000080000000, 0x0000000100000000)
  region size 1024K, 6 young (6144K), 6 survivors (6144K)
 Metaspace       used 199302K, committed 202112K, reserved 1245184K
  class space    used 26812K, committed 28224K, reserved 1048576K
}
Event: 732.484 GC heap before
{Heap before GC invocations=66 (full 0):
 garbage-first heap   total 331776K, used 244202K [0x0000000080000000, 0x0000000100000000)
  region size 1024K, 46 young (47104K), 6 survivors (6144K)
 Metaspace       used 204398K, committed 207232K, reserved 1245184K
  class space    used 27445K, committed 28864K, reserved 1048576K
}
Event: 732.504 GC heap after
{Heap after GC invocations=67 (full 0):
 garbage-first heap   total 331776K, used 206114K [0x0000000080000000, 0x0000000100000000)
  region size 1024K, 8 young (8192K), 8 survivors (8192K)
 Metaspace       used 204398K, committed 207232K, reserved 1245184K
  class space    used 27445K, committed 28864K, reserved 1048576K
}
Event: 746.740 GC heap before
{Heap before GC invocations=68 (full 0):
 garbage-first heap   total 367616K, used 304418K [0x0000000080000000, 0x0000000100000000)
  region size 1024K, 103 young (105472K), 8 survivors (8192K)
 Metaspace       used 210900K, committed 213696K, reserved 1245184K
  class space    used 28111K, committed 29504K, reserved 1048576K
}
Event: 746.781 GC heap after
{Heap after GC invocations=69 (full 0):
 garbage-first heap   total 367616K, used 212646K [0x0000000080000000, 0x0000000100000000)
  region size 1024K, 9 young (9216K), 9 survivors (9216K)
 Metaspace       used 210900K, committed 213696K, reserved 1245184K
  class space    used 28111K, committed 29504K, reserved 1048576K
}
Event: 760.784 GC heap before
{Heap before GC invocations=69 (full 0):
 garbage-first heap   total 367616K, used 336550K [0x0000000080000000, 0x0000000100000000)
  region size 1024K, 131 young (134144K), 9 survivors (9216K)
 Metaspace       used 225513K, committed 228352K, reserved 1310720K
  class space    used 29612K, committed 31040K, reserved 1048576K
}
Event: 760.843 GC heap after
{Heap after GC invocations=70 (full 0):
 garbage-first heap   total 367616K, used 216985K [0x0000000080000000, 0x0000000100000000)
  region size 1024K, 14 young (14336K), 14 survivors (14336K)
 Metaspace       used 225513K, committed 228352K, reserved 1310720K
  class space    used 29612K, committed 31040K, reserved 1048576K
}
Event: 762.764 GC heap before
{Heap before GC invocations=70 (full 0):
 garbage-first heap   total 367616K, used 310169K [0x0000000080000000, 0x0000000100000000)
  region size 1024K, 106 young (108544K), 14 survivors (14336K)
 Metaspace       used 225774K, committed 228608K, reserved 1310720K
  class space    used 29617K, committed 31040K, reserved 1048576K
}
Event: 762.852 GC heap after
{Heap after GC invocations=71 (full 0):
 garbage-first heap   total 367616K, used 240128K [0x0000000080000000, 0x0000000100000000)
  region size 1024K, 16 young (16384K), 16 survivors (16384K)
 Metaspace       used 225774K, committed 228608K, reserved 1310720K
  class space    used 29617K, committed 31040K, reserved 1048576K
}
Event: 767.983 GC heap before
{Heap before GC invocations=72 (full 0):
 garbage-first heap   total 423936K, used 330240K [0x0000000080000000, 0x0000000100000000)
  region size 1024K, 102 young (104448K), 16 survivors (16384K)
 Metaspace       used 229074K, committed 231936K, reserved 1310720K
  class space    used 29983K, committed 31424K, reserved 1048576K
}
Event: 768.030 GC heap after
{Heap after GC invocations=73 (full 0):
 garbage-first heap   total 423936K, used 247808K [0x0000000080000000, 0x0000000100000000)
  region size 1024K, 7 young (7168K), 7 survivors (7168K)
 Metaspace       used 229074K, committed 231936K, reserved 1310720K
  class space    used 29983K, committed 31424K, reserved 1048576K
}
Event: 776.152 GC heap before
{Heap before GC invocations=73 (full 0):
 garbage-first heap   total 423936K, used 384000K [0x0000000080000000, 0x0000000100000000)
  region size 1024K, 136 young (139264K), 7 survivors (7168K)
 Metaspace       used 240285K, committed 243136K, reserved 1310720K
  class space    used 31306K, committed 32768K, reserved 1048576K
}
Event: 776.193 GC heap after
{Heap after GC invocations=74 (full 0):
 garbage-first heap   total 423936K, used 251794K [0x0000000080000000, 0x0000000100000000)
  region size 1024K, 13 young (13312K), 13 survivors (13312K)
 Metaspace       used 240285K, committed 243136K, reserved 1310720K
  class space    used 31306K, committed 32768K, reserved 1048576K
}
Event: 778.785 GC heap before
{Heap before GC invocations=74 (full 0):
 garbage-first heap   total 423936K, used 269202K [0x0000000080000000, 0x0000000100000000)
  region size 1024K, 31 young (31744K), 13 survivors (13312K)
 Metaspace       used 241156K, committed 244096K, reserved 1310720K
  class space    used 31429K, committed 32896K, reserved 1048576K
}
Event: 778.830 GC heap after
{Heap after GC invocations=75 (full 0):
 garbage-first heap   total 423936K, used 254640K [0x0000000080000000, 0x0000000100000000)
  region size 1024K, 10 young (10240K), 10 survivors (10240K)
 Metaspace       used 241156K, committed 244096K, reserved 1310720K
  class space    used 31429K, committed 32896K, reserved 1048576K
}
Event: 788.311 GC heap before
{Heap before GC invocations=76 (full 0):
 garbage-first heap   total 437248K, used 382640K [0x0000000080000000, 0x0000000100000000)
  region size 1024K, 136 young (139264K), 10 survivors (10240K)
 Metaspace       used 242423K, committed 245312K, reserved 1310720K
  class space    used 31526K, committed 32960K, reserved 1048576K
}
Event: 788.341 GC heap after
{Heap after GC invocations=77 (full 0):
 garbage-first heap   total 437248K, used 254728K [0x0000000080000000, 0x0000000100000000)
  region size 1024K, 4 young (4096K), 4 survivors (4096K)
 Metaspace       used 242423K, committed 245312K, reserved 1310720K
  class space    used 31526K, committed 32960K, reserved 1048576K
}

